<?xml version="1.0" encoding="UTF-8"?>
<!-- Generated by org.testng.reporters.JUnitReportReporter -->
<testsuite hostname="jarvis" failures="0" tests="13" name="runners.CucumberTestRunner" time="214.948" errors="0" timestamp="2025-09-07T15:42:16 IST" skipped="0">
  <testcase classname="runners.CucumberTestRunner" name="runScenario" time="24.519"/>
  <testcase classname="runners.CucumberTestRunner" name="runScenario" time="5.969"/>
  <testcase classname="runners.CucumberTestRunner" name="runScenario" time="36.756"/>
  <testcase classname="runners.CucumberTestRunner" name="runScenario" time="6.263"/>
  <testcase classname="runners.CucumberTestRunner" name="runScenario" time="24.897"/>
  <testcase classname="runners.CucumberTestRunner" name="runScenario" time="8.225"/>
  <testcase classname="runners.CucumberTestRunner" name="runScenario" time="0.687"/>
  <testcase classname="runners.CucumberTestRunner" name="runScenario" time="31.019"/>
  <testcase classname="runners.CucumberTestRunner" name="runScenario" time="26.627"/>
  <testcase classname="runners.CucumberTestRunner" name="runScenario" time="21.785"/>
  <testcase classname="runners.CucumberTestRunner" name="runScenario" time="5.225"/>
  <testcase classname="runners.CucumberTestRunner" name="runScenario" time="20.871"/>
  <testcase classname="runners.CucumberTestRunner" name="runScenario" time="2.105"/>
</testsuite> <!-- runners.CucumberTestRunner -->
